<?xml version="1.0" encoding="UTF-8"?>
<testng-results skipped="0" failed="0" ignored="0" total="1" passed="1">
  <reporter-output>
  </reporter-output>
  <suite name="Default suite" duration-ms="59239" started-at="2020-04-26T11:10:13Z" finished-at="2020-04-26T11:11:13Z">
    <groups>
    </groups>
    <test name="Default test" duration-ms="59239" started-at="2020-04-26T11:10:13Z" finished-at="2020-04-26T11:11:13Z">
      <class name="eBay.TestAutomationFramework.EbayAutomation">
        <test-method status="PASS" signature="login()[pri:0, instance:eBay.TestAutomationFramework.EbayAutomation@6321e813]" name="login" duration-ms="59200" started-at="2020-04-26T11:10:13Z" finished-at="2020-04-26T11:11:13Z">
          <reporter-output>
          </reporter-output>
        </test-method> <!-- login -->
      </class> <!-- eBay.TestAutomationFramework.EbayAutomation -->
    </test> <!-- Default test -->
  </suite> <!-- Default suite -->
</testng-results>
